<?xml version="1.0" encoding="UTF-8"?><testsuite errors="0" failures="0" name="com.restful.booker.bookinginfo.BookingCRUDTestWithSteps" skipped="0" tests="8" time="9.35" timestamp="2023-01-03T18:34:31.606Z[Europe/London]"><testcase classname="com.restful.booker.bookinginfo.BookingCRUDTestWithSteps" name="This method will create a Token"/><testcase classname="com.restful.booker.bookinginfo.BookingCRUDTestWithSteps" name="This method will create a booking"/><testcase classname="com.restful.booker.bookinginfo.BookingCRUDTestWithSteps" name="This method will verify new Booking ID creation"/><testcase classname="com.restful.booker.bookinginfo.BookingCRUDTestWithSteps" name="This method will get booking with Id"/><testcase classname="com.restful.booker.bookinginfo.BookingCRUDTestWithSteps" name="This method will updated a booking with ID"/><testcase classname="com.restful.booker.bookinginfo.BookingCRUDTestWithSteps" name="This method will delete a booking with ID"/><testcase classname="com.restful.booker.bookinginfo.BookingCRUDTestWithSteps" name="This method can show that deleted user can't fatched"/><testcase classname="com.restful.booker.bookinginfo.BookingCRUDTestWithSteps" name="This method will get all bookings"/></testsuite>